Arguments: 
  /usr/local/bin/node /Users/simona/.cache/node/corepack/yarn/1.22.19/bin/yarn.js install

PATH: 
  /opt/homebrew/bin:/opt/homebrew/sbin:/usr/local/bin:/usr/bin:/bin:/usr/sbin:/sbin:/Library/Apple/usr/bin:/opt/homebrew/Caskroom/miniforge/base/bin:/opt/homebrew/Caskroom/miniforge/base/condabin:/opt/homebrew/bin:/opt/homebrew/sbin

Yarn version: 
  1.22.19

Node version: 
  16.13.1

Platform: 
  darwin arm64

Trace: 
  Error: ENOSPC: no space left on device, copyfile '/Users/simona/Library/Caches/Yarn/v6/npm-aws-sdk-2.1220.0-5cec163ee7799875e484afcdde93c4b1e713c64c-integrity/node_modules/aws-sdk/clients/secretsmanager.d.ts' -> '/Users/simona/Documents/ArbeitCC/patchwork-kingdoms/services/statistic-job/node_modules/aws-sdk/clients/secretsmanager.d.ts'

npm manifest: 
  {
    "name": "statistic-job",
    "version": "1.0.0",
    "description": "",
    "main": "index.js",
    "scripts": {
      "test": "echo \"Error: no test specified\" && exit 1",
      "build": "tsc"
    },
    "author": "",
    "license": "ISC",
    "dependencies": {
      "@prisma/client": "3.14.0",
      "aws-lambda": "^1.0.7",
      "axios": "^0.27.2",
      "dotenv": "^16.0.2",
      "json2csv": "^5.0.7",
      "luxon": "^3.0.3"
    },
    "devDependencies": {
      "@types/aws-lambda": "^8.10.104",
      "@types/luxon": "^3.0.1",
      "@types/node": "^18.7.18",
      "glob": "^8.0.3",
      "prisma": "3.14.0",
      "serverless-plugin-common-excludes": "^4.0.0",
      "serverless-plugin-include-dependencies": "^5.0.0",
      "serverless-plugin-typescript": "^2.1.2",
      "ts-node": "^10.9.1",
      "typescript": "^4.8.3"
    }
  }

yarn manifest: 
  No manifest

Lockfile: 
  No lockfile
